Running from /scratch/kretzler_root/kretzler/manninm/raw.clipped.fastq/2017.rnaseq
File extensions are good
No Group File provided!
Building DAG of jobs...
Using shell: /usr/bin/bash
Provided cluster nodes: 999
Job counts:
	count	jobs
	1	BallGownTxBoxPlot
	1	BallGownTxCluster
	1	all
	3

[Thu Sep 26 23:53:40 2019]
rule BallGownTxBoxPlot:
    input: BallGown/transcript_fpkm.txt
    output: Plots/transcript_fpkmBoxPlot.png
    log: logs/TxBox.log
    jobid: 1018


		cd BallGown/; Rscript ../scripts/TxBoxPlot.R transcript_fpkm.txt
		
WorkflowError in line 1 of /gpfs/accounts/kretzler_root/kretzler/manninm/raw.clipped.fastq/2017.rnaseq/rules/BallGownTx.smk:
'Wildcards' object has no attribute 'me'
